<?xml version="1.0" encoding="UTF-8"?>
<!-- Generated by org.testng.reporters.JUnitReportReporter -->
<testsuite skipped="0" hostname="N9552" name="parallelTest.CrossBrowserScript" tests="3" failures="0" timestamp="29 Dec 2018 12:12:30 GMT" time="48.480" errors="0">
  <testcase name="launchDriver" time="17.941" classname="parallelTest.CrossBrowserScript"/>
  <testcase name="launchDriver" time="16.703" classname="parallelTest.CrossBrowserScript"/>
  <testcase name="launchDriver" time="13.836" classname="parallelTest.CrossBrowserScript"/>
</testsuite> <!-- parallelTest.CrossBrowserScript -->
